C:\Program Files (x86)\MSBuild\Microsoft.Cpp\v4.0\V140\Microsoft.CppBuild.targets(392,5): warning MSB8028: The intermediate directory (Debug\) contains files shared from another project (GLFW Tests.vcxproj).  This can lead to incorrect clean and rebuild behavior.
  entity.cpp
c:\users\julien\documents\cubz-opengl\libs\json\json.hpp(6683): warning C4003: not enough actual parameters for macro 'max'
c:\users\julien\documents\cubz-opengl\libs\json\json.hpp(6689): warning C4003: not enough actual parameters for macro 'max'
c:\users\julien\documents\cubz-opengl\libs\json\json.hpp(6695): warning C4003: not enough actual parameters for macro 'max'
c:\users\julien\documents\cubz-opengl\libs\json\json.hpp(6701): warning C4003: not enough actual parameters for macro 'max'
c:\users\julien\documents\cubz-opengl\libs\json\json.hpp(6715): warning C4003: not enough actual parameters for macro 'min'
c:\users\julien\documents\cubz-opengl\libs\json\json.hpp(6715): warning C4003: not enough actual parameters for macro 'max'
c:\users\julien\documents\cubz-opengl\libs\json\json.hpp(6721): warning C4003: not enough actual parameters for macro 'min'
c:\users\julien\documents\cubz-opengl\libs\json\json.hpp(6721): warning C4003: not enough actual parameters for macro 'max'
c:\users\julien\documents\cubz-opengl\libs\json\json.hpp(6727): warning C4003: not enough actual parameters for macro 'min'
c:\users\julien\documents\cubz-opengl\libs\json\json.hpp(6727): warning C4003: not enough actual parameters for macro 'max'
c:\users\julien\documents\cubz-opengl\libs\json\json.hpp(6733): warning C4003: not enough actual parameters for macro 'min'
c:\users\julien\documents\cubz-opengl\libs\json\json.hpp(6733): warning C4003: not enough actual parameters for macro 'max'
c:\users\julien\documents\cubz-opengl\libs\json\json.hpp(6750): warning C4003: not enough actual parameters for macro 'max'
c:\users\julien\documents\cubz-opengl\libs\json\json.hpp(6756): warning C4003: not enough actual parameters for macro 'max'
c:\users\julien\documents\cubz-opengl\libs\json\json.hpp(6762): warning C4003: not enough actual parameters for macro 'max'
c:\users\julien\documents\cubz-opengl\libs\json\json.hpp(6768): warning C4003: not enough actual parameters for macro 'max'
c:\users\julien\documents\cubz-opengl\libs\json\json.hpp(6925): warning C4003: not enough actual parameters for macro 'max'
c:\users\julien\documents\cubz-opengl\libs\json\json.hpp(6931): warning C4003: not enough actual parameters for macro 'max'
c:\users\julien\documents\cubz-opengl\libs\json\json.hpp(6937): warning C4003: not enough actual parameters for macro 'max'
c:\users\julien\documents\cubz-opengl\libs\json\json.hpp(6959): warning C4003: not enough actual parameters for macro 'max'
c:\users\julien\documents\cubz-opengl\libs\json\json.hpp(6965): warning C4003: not enough actual parameters for macro 'max'
c:\users\julien\documents\cubz-opengl\libs\json\json.hpp(6971): warning C4003: not enough actual parameters for macro 'max'
c:\users\julien\documents\cubz-opengl\libs\json\json.hpp(7184): warning C4003: not enough actual parameters for macro 'max'
c:\users\julien\documents\cubz-opengl\cubz\src\entity.cpp(38): error C2259: 'WorldEditor': cannot instantiate abstract class
  c:\users\julien\documents\cubz-opengl\cubz\src\entity.cpp(38): note: due to following members:
  c:\users\julien\documents\cubz-opengl\cubz\src\entity.cpp(38): note: 'Component *Component::clone(void) const': is abstract
  c:\users\julien\documents\cubz-opengl\cubz\src\component.h(29): note: see declaration of 'Component::clone'
  c:\users\julien\documents\cubz-opengl\cubz\src\entity.cpp(38): note: 'const std::string &Component::getName(void) const': is abstract
  c:\users\julien\documents\cubz-opengl\cubz\src\component.h(31): note: see declaration of 'Component::getName'
c:\users\julien\documents\cubz-opengl\cubz\src\entity.cpp(114): warning C4305: 'argument': truncation from 'double' to 'float'
c:\users\julien\documents\cubz-opengl\cubz\src\entity.cpp(115): warning C4305: 'argument': truncation from 'double' to 'float'
c:\users\julien\documents\cubz-opengl\cubz\src\entity.cpp(116): warning C4305: 'argument': truncation from 'double' to 'float'
c:\users\julien\documents\cubz-opengl\cubz\src\entity.cpp(125): warning C4305: 'argument': truncation from 'double' to 'float'
  Generating Code...
  Compiling...
  camera.cpp
  Generating Code...
c:\users\julien\documents\cubz-opengl\cubz\src\camera.cpp(26): warning C4172: returning address of local variable or temporary
c:\users\julien\documents\cubz-opengl\cubz\src\camera.cpp(36): warning C4172: returning address of local variable or temporary: result
c:\users\julien\documents\cubz-opengl\cubz\src\camera.cpp(41): warning C4172: returning address of local variable or temporary
c:\users\julien\documents\cubz-opengl\cubz\src\camera.cpp(174): warning C4172: returning address of local variable or temporary
  Skipping... (no relevant changes detected)
  world_editor.cpp
  world.cpp
  window.cpp
  scene.cpp
  mesh_render.cpp
  main.cpp
  cube.cpp
